0 silly input []
1 silly flags { _: [ 'bootstrap' ],
1 silly flags   'reject-cycles': false,
1 silly flags   rejectCycles: false,
1 silly flags   args: [] }
2 verbose rootPath /home/hyanmandian/Code/brazilian-utils
3 info version 2.11.0
4 silly existsSync /home/hyanmandian/Code/brazilian-utils/VERSION
5 info versioning independent
6 silly initialize attempt
7 silly npmConfig { registry: undefined,
7 silly npmConfig   npmClient: 'yarn',
7 silly npmConfig   npmClientArgs: undefined,
7 silly npmConfig   mutex: 'network:42424' }
8 silly initialize success
9 silly execute attempt
10 info Bootstrapping 3 packages
11 silly installInDirOriginalPackageJson /home/hyanmandian/Code/brazilian-utils
12 silly getExecOpts { cwd: '/home/hyanmandian/Code/brazilian-utils' }
13 silly installInDir [ 'yarn',
13 silly installInDir   [ 'install', '--mutex', 'network:42424', '--non-interactive' ] ]
14 error execute callback with error
15 error Error: Command failed: yarn install --mutex network:42424 --non-interactive
15 error error An unexpected error occurred: "Couldn't find package \"@brazilian-utils/utils/normalize@0.1.0\" required by \"@brazilian-utils/isValidCnpj@0.1.0\" on the \"npm\" registry.".
15 error Error: Couldn't find package "@brazilian-utils/utils/normalize@0.1.0" required by "@brazilian-utils/isValidCpf@0.1.0" on the "npm" registry.
15 error     at new MessageError (/home/hyanmandian/.nvm/versions/node/v8.4.0/lib/node_modules/yarn/lib/cli.js:186:110)
15 error     at PackageRequest.<anonymous> (/home/hyanmandian/.nvm/versions/node/v8.4.0/lib/node_modules/yarn/lib/cli.js:36274:17)
15 error     at Generator.throw (<anonymous>)
15 error     at step (/home/hyanmandian/.nvm/versions/node/v8.4.0/lib/node_modules/yarn/lib/cli.js:98:30)
15 error     at /home/hyanmandian/.nvm/versions/node/v8.4.0/lib/node_modules/yarn/lib/cli.js:111:13
15 error     at <anonymous>
15 error     at process._tickCallback (internal/process/next_tick.js:188:7)
15 error yarn install v1.5.1
15 error [1/4] Resolving packages...
15 error info If you think this is a bug, please open a bug report with the information provided in "/home/hyanmandian/Code/brazilian-utils/yarn-error.log".
15 error info Visit https://yarnpkg.com/en/docs/cli/install for documentation about this command.
15 error
15 error     at Promise.all.then.arr (/home/hyanmandian/Code/brazilian-utils/node_modules/execa/index.js:236:11)
15 error     at <anonymous>
